<?xml version="1.0" encoding="UTF-8"?>
<!-- Generated by org.testng.reporters.JUnitXMLReporter -->
<testsuite ignored="0" hostname="DELL-C0HKRC2" failures="0" tests="6" name="Test" time="49.266" errors="0" timestamp="2021-04-24T12:46:58 ART">
  <testcase classname="Edit.EducacionITSabado.Laboratorio2" name="lab2_E1" time="14.892"/>
  <testcase classname="Edit.EducacionITSabado.Laboratorio1" name="lab1_E1" time="5.035"/>
  <testcase classname="Edit.EducacionITSabado.Laboratorio1" name="lab1_E2" time="10.229"/>
  <testcase classname="Edit.EducacionITSabado.Laboratorio1" name="lab1_E3" time="4.393"/>
  <testcase classname="Edit.EducacionITSabado.AppTest" name="shouldAnswerWithTrue" time="0.003"/>
  <testcase classname="pruebas.Laboratorio3_E1" name="registroUsuario" time="10.231"/>
</testsuite> <!-- Test -->
